c:\users\yuto\documents\visual studio 2013\projects\勤務時間管理ツール\勤務時間管理ツール\debug\勤務時間管理ツール.pch
c:\users\yuto\documents\visual studio 2013\projects\勤務時間管理ツール\勤務時間管理ツール\debug\vc120.pdb
c:\users\yuto\documents\visual studio 2013\projects\勤務時間管理ツール\勤務時間管理ツール\debug\stdafx.obj
c:\users\yuto\documents\visual studio 2013\projects\勤務時間管理ツール\勤務時間管理ツール\debug\勤務時間管理ツール.obj
c:\users\yuto\documents\visual studio 2013\projects\勤務時間管理ツール\勤務時間管理ツール\debug\assemblyinfo.obj
c:\users\yuto\documents\visual studio 2013\projects\勤務時間管理ツール\勤務時間管理ツール\debug\.netframework,version=v4.5.assemblyattributes.obj
c:\users\yuto\documents\visual studio 2013\projects\勤務時間管理ツール\debug\勤務時間管理ツール.exe
c:\users\yuto\documents\visual studio 2013\projects\勤務時間管理ツール\debug\勤務時間管理ツール.pdb
c:\users\yuto\documents\visual studio 2013\projects\勤務時間管理ツール\勤務時間管理ツール\debug\app.res
c:\users\yuto\documents\visual studio 2013\projects\勤務時間管理ツール\勤務時間管理ツール\debug\勤務時間管理ツール.form1.resources
c:\users\yuto\documents\visual studio 2013\projects\勤務時間管理ツール\勤務時間管理ツール\debug\勤務時間管理ツール.vcxproj.generateresource.cache
c:\users\yuto\documents\visual studio 2013\projects\勤務時間管理ツール\勤務時間管理ツール\debug\勤務時間管理ツール.vcxprojresolveassemblyreference.cache
c:\users\yuto\documents\visual studio 2013\projects\勤務時間管理ツール\勤務時間管理ツール\debug\_netframework,version=v4.5.assemblyattributes.obj
c:\users\yuto\documents\visual studio 2013\projects\勤務時間管理ツール\勤務時間管理ツール\debug\勤務時間管理ツール.tlog\cl.command.1.tlog
c:\users\yuto\documents\visual studio 2013\projects\勤務時間管理ツール\勤務時間管理ツール\debug\勤務時間管理ツール.tlog\cl.read.1.tlog
c:\users\yuto\documents\visual studio 2013\projects\勤務時間管理ツール\勤務時間管理ツール\debug\勤務時間管理ツール.tlog\cl.write.1.tlog
c:\users\yuto\documents\visual studio 2013\projects\勤務時間管理ツール\勤務時間管理ツール\debug\勤務時間管理ツール.tlog\link.command.1.tlog
c:\users\yuto\documents\visual studio 2013\projects\勤務時間管理ツール\勤務時間管理ツール\debug\勤務時間管理ツール.tlog\link.read.1.tlog
c:\users\yuto\documents\visual studio 2013\projects\勤務時間管理ツール\勤務時間管理ツール\debug\勤務時間管理ツール.tlog\link.write.1.tlog
c:\users\yuto\documents\visual studio 2013\projects\勤務時間管理ツール\勤務時間管理ツール\debug\勤務時間管理ツール.tlog\metagen.read.1.tlog
c:\users\yuto\documents\visual studio 2013\projects\勤務時間管理ツール\勤務時間管理ツール\debug\勤務時間管理ツール.tlog\metagen.write.1.tlog
c:\users\yuto\documents\visual studio 2013\projects\勤務時間管理ツール\勤務時間管理ツール\debug\勤務時間管理ツール.tlog\rc.command.1.tlog
c:\users\yuto\documents\visual studio 2013\projects\勤務時間管理ツール\勤務時間管理ツール\debug\勤務時間管理ツール.tlog\rc.read.1.tlog
c:\users\yuto\documents\visual studio 2013\projects\勤務時間管理ツール\勤務時間管理ツール\debug\勤務時間管理ツール.tlog\rc.write.1.tlog
c:\users\yuto\documents\visual studio 2013\projects\勤務時間管理ツール\勤務時間管理ツール\debug\勤務時間管理ツール.tlog\勤務時間管理ツール.write.1u.tlog
c:\users\yuto\documents\visual studio 2013\projects\勤務時間管理ツール\勤務時間管理ツール\debug\勤務時間管理ツール.tlog\rsaenh.dll.bi
c:\users\yuto\documents\visual studio 2013\projects\勤務時間管理ツール\勤務時間管理ツール\debug\勤務時間管理ツール.tlog\tzres.dll.bi
