2015/06/30 19:31:27 にビルドを開始しました。
     1>ノード 2 上のプロジェクト "C:\Users\yuto\Documents\Visual Studio 2013\Projects\勤務時間管理ツール\勤務時間管理ツール\勤務時間管理ツール.vcxproj" (Build ターゲット)。
     1>ClCompile:
         C:\Program Files (x86)\Microsoft Visual Studio 12.0\VC\bin\CL.exe /c /AI"C:\Program Files (x86)\Reference Assemblies\Microsoft\Framework\.NETFramework\v4.5\\" /AI"C:\Program Files (x86)\Windows Kits\8.1\References\CommonConfiguration\Neutral" /AI"C:\Program Files (x86)\Reference Assemblies\Microsoft\Framework\.NETFramework\v4.5\Facades\\" /Zi /clr:pure /nologo /W3 /WX- /Od /Oy- /D WIN32 /D _DEBUG /D _MBCS /EHa /MDd /GS /fp:precise /Zc:wchar_t /Zc:forScope /Yu"stdafx.h" /Fp"Debug\勤務時間管理ツール.pch" /Fo"Debug\\" /Fd"Debug\vc120.pdb" /TP /FU"C:\Program Files (x86)\Reference Assemblies\Microsoft\Framework\.NETFramework\v4.5\mscorlib.dll" /FU"C:\Program Files (x86)\Reference Assemblies\Microsoft\Framework\.NETFramework\v4.5\System.Data.dll" /FU"C:\Program Files (x86)\Reference Assemblies\Microsoft\Framework\.NETFramework\v4.5\System.dll" /FU"C:\Program Files (x86)\Reference Assemblies\Microsoft\Framework\.NETFramework\v4.5\System.Drawing.dll" /FU"C:\Program Files (x86)\Reference Assemblies\Microsoft\Framework\.NETFramework\v4.5\System.Windows.Forms.dll" /FU"C:\Program Files (x86)\Reference Assemblies\Microsoft\Framework\.NETFramework\v4.5\System.Xml.dll" /analyze- /errorReport:prompt /clr:nostdlib "勤務時間管理ツール.cpp"
         勤務時間管理ツール.cpp
     1>c:\users\yuto\documents\visual studio 2013\projects\勤務時間管理ツール\勤務時間管理ツール\Form1.h(294): warning C4065: switch 文に 'default' はありますが 'case' ラベルがありません。
     1>c:\users\yuto\documents\visual studio 2013\projects\勤務時間管理ツール\勤務時間管理ツール\Form1.h(420): warning C4244: '初期化中' : 'double' から 'int' への変換です。データが失われる可能性があります。
     1>c:\users\yuto\documents\visual studio 2013\projects\勤務時間管理ツール\勤務時間管理ツール\Form1.h(431): warning C4244: '初期化中' : 'double' から 'int' への変換です。データが失われる可能性があります。
     1>c:\users\yuto\documents\visual studio 2013\projects\勤務時間管理ツール\勤務時間管理ツール\form1.h(363): warning C4700: 初期化されていないローカル変数 'n' が使用されます
     1>c:\users\yuto\documents\visual studio 2013\projects\勤務時間管理ツール\勤務時間管理ツール\form1.h(422): warning C4700: 初期化されていないローカル変数 'a' が使用されます
       Link:
         C:\Program Files (x86)\Microsoft Visual Studio 12.0\VC\bin\link.exe /ERRORREPORT:PROMPT /OUT:"C:\Users\yuto\Documents\Visual Studio 2013\Projects\勤務時間管理ツール\Debug\勤務時間管理ツール.exe" /INCREMENTAL /NOLOGO /ASSEMBLYRESOURCE:"Debug\勤務時間管理ツール.Form1.resources" /MANIFEST /MANIFESTUAC:"level='asInvoker' uiAccess='false'" /manifest:embed /DEBUG /PDB:"C:\Users\yuto\Documents\Visual Studio 2013\Projects\勤務時間管理ツール\Debug\勤務時間管理ツール.pdb" /ASSEMBLYDEBUG /SUBSYSTEM:WINDOWS /TLBID:1 /ENTRY:"main" /DYNAMICBASE /FIXED:NO /NXCOMPAT /MACHINE:X86 Debug\app.res
         Debug\AssemblyInfo.obj
         Debug\stdafx.obj
         "Debug\勤務時間管理ツール.obj"
         "Debug\.NETFramework,Version=v4.5.AssemblyAttributes.obj"
         勤務時間管理ツール.vcxproj -> C:\Users\yuto\Documents\Visual Studio 2013\Projects\勤務時間管理ツール\Debug\勤務時間管理ツール.exe
     1>プロジェクト "C:\Users\yuto\Documents\Visual Studio 2013\Projects\勤務時間管理ツール\勤務時間管理ツール\勤務時間管理ツール.vcxproj" (Build ターゲット) のビルドが完了しました。

ビルドに成功しました。

経過時間 00:00:02.52
